mode: set
github.com/karlbehrensg/go-clean-architecture-template/books/repository.go:9.47,11.2 1 1
github.com/karlbehrensg/go-clean-architecture-template/books/repository.go:13.51,20.16 2 1
github.com/karlbehrensg/go-clean-architecture-template/books/repository.go:24.2,24.12 1 1
github.com/karlbehrensg/go-clean-architecture-template/books/repository.go:20.16,22.3 1 1
github.com/karlbehrensg/go-clean-architecture-template/books/routes.go:9.46,15.2 3 0
github.com/karlbehrensg/go-clean-architecture-template/books/bootstrap.go:7.45,11.2 3 0
github.com/karlbehrensg/go-clean-architecture-template/books/cases.go:7.44,9.2 1 1
github.com/karlbehrensg/go-clean-architecture-template/books/cases.go:11.55,13.16 2 1
github.com/karlbehrensg/go-clean-architecture-template/books/cases.go:17.2,17.18 1 1
github.com/karlbehrensg/go-clean-architecture-template/books/cases.go:13.16,15.3 1 1
github.com/karlbehrensg/go-clean-architecture-template/books/controllers.go:9.44,11.2 1 0
github.com/karlbehrensg/go-clean-architecture-template/books/controllers.go:13.55,16.16 3 0
github.com/karlbehrensg/go-clean-architecture-template/books/controllers.go:20.2,21.16 2 0
github.com/karlbehrensg/go-clean-architecture-template/books/controllers.go:25.2,25.23 1 0
github.com/karlbehrensg/go-clean-architecture-template/books/controllers.go:16.16,18.3 1 0
github.com/karlbehrensg/go-clean-architecture-template/books/controllers.go:21.16,23.3 1 0
